d:\nckuwork\1092同步\1101\oop\project1\project1\release\vc141.pdb
d:\nckuwork\1092同步\1101\oop\project1\project1\release\.netframework,version=v4.6.1.assemblyattributes.obj
d:\nckuwork\1092同步\1101\oop\project1\project1\release\.netframework,version=v4.6.1.assemblyattributes.asm
d:\nckuwork\1092同步\1101\oop\project1\project1\release\myimage.obj
d:\nckuwork\1092同步\1101\oop\project1\project1\release\bbox.obj
d:\nckuwork\1092同步\1101\oop\project1\project1\release\myform.obj
d:\nckuwork\1092同步\1101\oop\project1\project1\release\project1.myform.resources
d:\nckuwork\1092同步\1101\oop\project1\project1\release\project1.vcxproj.generateresource.cache
d:\nckuwork\1092同步\1101\oop\project1\project1\release\project1.vcxprojassemblyreference.cache
d:\nckuwork\1092同步\1101\oop\project1\release\project1.pdb
d:\nckuwork\1092同步\1101\oop\project1\project1\release\project1.tlog\cl.command.1.tlog
d:\nckuwork\1092同步\1101\oop\project1\project1\release\project1.tlog\cl.read.1.tlog
d:\nckuwork\1092同步\1101\oop\project1\project1\release\project1.tlog\cl.write.1.tlog
d:\nckuwork\1092同步\1101\oop\project1\project1\release\project1.tlog\link-cvtres.read.1.tlog
d:\nckuwork\1092同步\1101\oop\project1\project1\release\project1.tlog\link-cvtres.write.1.tlog
d:\nckuwork\1092同步\1101\oop\project1\project1\release\project1.tlog\link-rc.read.1.tlog
d:\nckuwork\1092同步\1101\oop\project1\project1\release\project1.tlog\link-rc.write.1.tlog
d:\nckuwork\1092同步\1101\oop\project1\project1\release\project1.tlog\link.command.1.tlog
d:\nckuwork\1092同步\1101\oop\project1\project1\release\project1.tlog\link.read.1.tlog
d:\nckuwork\1092同步\1101\oop\project1\project1\release\project1.tlog\link.write.1.tlog
d:\nckuwork\1092同步\1101\oop\project1\project1\release\project1.tlog\metagen.read.1.tlog
d:\nckuwork\1092同步\1101\oop\project1\project1\release\project1.tlog\metagen.write.1.tlog
d:\nckuwork\1092同步\1101\oop\project1\project1\release\project1.tlog\project1.write.1u.tlog
