d:\nckuwork\1092同步\1101\oop\project1\project1\debug\vc141.pdb
d:\nckuwork\1092同步\1101\oop\project1\project1\debug\myimage.obj
d:\nckuwork\1092同步\1101\oop\project1\project1\debug\myform.obj
d:\nckuwork\1092同步\1101\oop\project1\project1\debug\bbox.obj
d:\nckuwork\1092同步\1101\oop\project1\project1\debug\.netframework,version=v4.6.1.assemblyattributes.obj
d:\nckuwork\1092同步\1101\oop\project1\project1\debug\.netframework,version=v4.6.1.assemblyattributes.asm
d:\nckuwork\1092同步\1101\oop\project1\debug\project1.exe
d:\nckuwork\1092同步\1101\oop\project1\debug\project1.pdb
d:\nckuwork\1092同步\1101\oop\project1\project1\debug\project1.myform.resources
d:\nckuwork\1092同步\1101\oop\project1\project1\debug\project1.vcxproj.generateresource.cache
d:\nckuwork\1092同步\1101\oop\project1\project1\debug\project1.vcxprojassemblyreference.cache
d:\nckuwork\1092同步\1101\oop\project1\project1\debug\project1.tlog\cl.command.1.tlog
d:\nckuwork\1092同步\1101\oop\project1\project1\debug\project1.tlog\cl.read.1.tlog
d:\nckuwork\1092同步\1101\oop\project1\project1\debug\project1.tlog\cl.write.1.tlog
d:\nckuwork\1092同步\1101\oop\project1\project1\debug\project1.tlog\link.command.1.tlog
d:\nckuwork\1092同步\1101\oop\project1\project1\debug\project1.tlog\link.read.1.tlog
d:\nckuwork\1092同步\1101\oop\project1\project1\debug\project1.tlog\link.write.1.tlog
d:\nckuwork\1092同步\1101\oop\project1\project1\debug\project1.tlog\metagen.read.1.tlog
d:\nckuwork\1092同步\1101\oop\project1\project1\debug\project1.tlog\metagen.write.1.tlog
d:\nckuwork\1092同步\1101\oop\project1\project1\debug\project1.tlog\project1.write.1u.tlog
